<?xml version="1.0" encoding="UTF-8"?>
<testsuite name="inha.how.HowApplicationTests" tests="1" skipped="0" failures="0" errors="0" timestamp="2023-10-24T13:14:14" hostname="ip-10-0-1-188" time="1.329">
  <properties/>
  <testcase name="contextLoads()" classname="inha.how.HowApplicationTests" time="1.329"/>
  <system-out><![CDATA[13:14:01.114 [Test worker] INFO org.springframework.test.context.support.AnnotationConfigContextLoaderUtils -- Could not detect default configuration classes for test class [inha.how.HowApplicationTests]: HowApplicationTests does not declare any static, non-private, non-final, nested classes annotated with @Configuration.
13:14:01.122 [Test worker] INFO org.springframework.boot.test.context.SpringBootTestContextBootstrapper -- Found @SpringBootConfiguration inha.how.HowApplication for test class inha.how.HowApplicationTests

  .   ____          _            __ _ _
 /\\ / ___'_ __ _ _(_)_ __  __ _ \ \ \ \
( ( )\___ | '_ | '_| | '_ \/ _` | \ \ \ \
 \\/  ___)| |_)| | | | | || (_| |  ) ) ) )
  '  |____| .__|_| |_|_| |_\__, | / / / /
 =========|_|==============|___/=/_/_/_/
 :: Spring Boot ::                (v3.1.4)

2023-10-24T13:14:01.917Z  INFO 10724 --- [    Test worker] inha.how.HowApplicationTests             : Starting HowApplicationTests using Java 17.0.8.1 with PID 10724 (started by root in /var/www/Backend)
2023-10-24T13:14:01.920Z  INFO 10724 --- [    Test worker] inha.how.HowApplicationTests             : No active profile set, falling back to 1 default profile: "default"
2023-10-24T13:14:03.866Z  INFO 10724 --- [    Test worker] .s.d.r.c.RepositoryConfigurationDelegate : Bootstrapping Spring Data JPA repositories in DEFAULT mode.
2023-10-24T13:14:03.997Z  INFO 10724 --- [    Test worker] .s.d.r.c.RepositoryConfigurationDelegate : Finished Spring Data repository scanning in 114 ms. Found 1 JPA repository interfaces.
2023-10-24T13:14:05.226Z  INFO 10724 --- [    Test worker] com.zaxxer.hikari.HikariDataSource       : HikariPool-1 - Starting...
2023-10-24T13:14:06.139Z  INFO 10724 --- [    Test worker] com.zaxxer.hikari.pool.HikariPool        : HikariPool-1 - Added connection com.mysql.cj.jdbc.ConnectionImpl@65d73bd
2023-10-24T13:14:06.143Z  INFO 10724 --- [    Test worker] com.zaxxer.hikari.HikariDataSource       : HikariPool-1 - Start completed.
2023-10-24T13:14:06.257Z  INFO 10724 --- [    Test worker] o.hibernate.jpa.internal.util.LogHelper  : HHH000204: Processing PersistenceUnitInfo [name: default]
2023-10-24T13:14:06.450Z  INFO 10724 --- [    Test worker] org.hibernate.Version                    : HHH000412: Hibernate ORM core version 6.2.9.Final
2023-10-24T13:14:06.465Z  INFO 10724 --- [    Test worker] org.hibernate.cfg.Environment            : HHH000406: Using bytecode reflection optimizer
2023-10-24T13:14:06.967Z  INFO 10724 --- [    Test worker] o.h.b.i.BytecodeProviderInitiator        : HHH000021: Bytecode provider name : bytebuddy
2023-10-24T13:14:07.369Z  INFO 10724 --- [    Test worker] o.s.o.j.p.SpringPersistenceUnitInfo      : No LoadTimeWeaver setup: ignoring JPA class transformer
2023-10-24T13:14:08.244Z  INFO 10724 --- [    Test worker] o.h.b.i.BytecodeProviderInitiator        : HHH000021: Bytecode provider name : bytebuddy
2023-10-24T13:14:09.853Z  INFO 10724 --- [    Test worker] o.h.e.t.j.p.i.JtaPlatformInitiator       : HHH000490: Using JtaPlatform implementation: [org.hibernate.engine.transaction.jta.platform.internal.NoJtaPlatform]
2023-10-24T13:14:09.863Z  INFO 10724 --- [    Test worker] j.LocalContainerEntityManagerFactoryBean : Initialized JPA EntityManagerFactory for persistence unit 'default'
2023-10-24T13:14:11.296Z  WARN 10724 --- [    Test worker] JpaBaseConfiguration$JpaWebConfiguration : spring.jpa.open-in-view is enabled by default. Therefore, database queries may be performed during view rendering. Explicitly configure spring.jpa.open-in-view to disable this warning
2023-10-24T13:14:12.032Z  INFO 10724 --- [    Test worker] o.s.b.a.w.s.WelcomePageHandlerMapping    : Adding welcome page: class path resource [static/index.html]
2023-10-24T13:14:14.659Z  INFO 10724 --- [    Test worker] o.s.m.s.b.SimpleBrokerMessageHandler     : Starting...
2023-10-24T13:14:14.672Z  INFO 10724 --- [    Test worker] o.s.m.s.b.SimpleBrokerMessageHandler     : BrokerAvailabilityEvent[available=true, SimpleBrokerMessageHandler [org.springframework.messaging.simp.broker.DefaultSubscriptionRegistry@1507bc3]]
2023-10-24T13:14:14.674Z  INFO 10724 --- [    Test worker] o.s.m.s.b.SimpleBrokerMessageHandler     : Started.
2023-10-24T13:14:14.722Z  INFO 10724 --- [    Test worker] inha.how.HowApplicationTests             : Started HowApplicationTests in 13.462 seconds (process running for 16.285)
]]></system-out>
  <system-err><![CDATA[]]></system-err>
</testsuite>
